Arguments: 
  D:\Libs\nodejs\node.exe D:\Libs\nodejs\node_modules\yarn\bin\yarn.js add @vscode/codicons

PATH: 
  C:\Program Files\PowerShell\7;C:\WINDOWS\system32;C:\WINDOWS;C:\WINDOWS\System32\Wbem;C:\WINDOWS\System32\WindowsPowerShell\v1.0\;C:\WINDOWS\System32\OpenSSH\;D:\Programs\VSCode\bin;D:\Programs\Tencent\MiniAppDev\dll;C:\Program Files\Git\cmd;D:\Tools\oh-my-posh\bin;D:\Tools\gsudo\Current;D:\Tools\nvm;D:\Libs\nodejs;D:\Programs\TortoiseSVN\bin;D:\Programs\MiniAppDev\dll;D:\Programs\Xftp\;C:\Program Files\Docker\Docker\resources\bin;C:\Program Files\PowerShell\7\;D:\Tools\platform-tools;D:\Libs\Go\bin;D:\Libs\mingw64\bin;C:\Users\MahooHP\AppData\Local\Microsoft\WindowsApps;C:\Users\MahooHP\go\bin

Yarn version: 
  1.22.19

Node version: 
  16.20.0

Platform: 
  win32 x64

Trace: 
  Error: EEXIST: file already exists, mkdir 'E:\Workbench\vscode-hzero-helper\node_modules\mocha\node_modules\glob\node_modules'

npm manifest: 
  {
    "name": "vscode-hzero-helper",
    "displayName": "vscode-hzero-helper",
    "description": "",
    "version": "0.0.1",
    "engines": {
      "vscode": "^1.84.0"
    },
    "categories": [
      "Other"
    ],
    "activationEvents": [],
    "main": "./dist/extension.js",
    "contributes": {
      "viewsContainers": {
        "activitybar": [
          {
            "id": "hzero-helper",
            "title": "Hzero helper",
            "icon": "resources/logo.svg"
          }
        ]
      },
      "commands": [
        {
          "command": "vscode-hzero-helper.helloWorld",
          "title": "Hello World"
        },
        {
          "command": "vscode-hzero-helper.addColor",
          "title": "Add Color"
        },
        {
          "command": "vscode-hzero-helper.clearColors",
          "title": "Clear Colors"
        }
      ],
      "views": {
        "hzero-helper": [
          {
  					"type": "webview",
  					"id": "test-color",
  					"name": "Test Colors"
  				},
          {
            "id": "intl-scanner",
            "name": "Intl Scanner"
          },
          {
            "id": "permission-scanner",
            "name": "Permission Scanner"
          }
        ]
      }
    },
    "scripts": {
      "vscode:prepublish": "pnpm run package",
      "compile": "webpack",
      "watch": "webpack --watch",
      "package": "webpack --mode production --devtool hidden-source-map",
      "compile-tests": "tsc -p . --outDir out",
      "watch-tests": "tsc -p . -w --outDir out",
      "pretest": "pnpm run compile-tests && pnpm run compile && pnpm run lint",
      "lint": "eslint src --ext ts",
      "test": "node ./out/test/runTest.js"
    },
    "devDependencies": {
      "@types/vscode": "^1.84.0",
      "@types/mocha": "^10.0.3",
      "@types/node": "18.x",
      "@typescript-eslint/eslint-plugin": "^6.9.0",
      "@typescript-eslint/parser": "^6.9.0",
      "eslint": "^8.52.0",
      "glob": "^10.3.10",
      "mocha": "^10.2.0",
      "typescript": "^5.2.2",
      "ts-loader": "^9.5.0",
      "webpack": "^5.89.0",
      "webpack-cli": "^5.1.4",
      "@vscode/test-electron": "^2.3.6"
    }
  }

yarn manifest: 
  No manifest

Lockfile: 
  No lockfile
